Forest
+-----+-------------------+--------------------+
|label|         prediction|            features|
+-----+-------------------+--------------------+
|    0|0.13860283380137098|[0.19632975458447...|
|    0|0.08247595131147033|[-1.0770045402954...|
|    0|0.08975674555963212|[-0.1937607564751...|
|    1| 0.7929767254996293|[-0.0963087474211...|
|    1| 0.9254451819139418|[-2.1406601507655...|
|    0|0.04131166813482947|[3.15422218320590...|
|    0|0.35449937516268004|[0.60846259441236...|
|    0|0.04131166813482947|[1.11471392286250...|
|    0|0.03828557508621291|[0.75327330192646...|
|    0|0.11826832366155826|[1.22250390598665...|
+-----+-------------------+--------------------+
only showing top 10 rows

GBT
+-----+--------------------+--------------------+
|label|          prediction|            features|
+-----+--------------------+--------------------+
|    0|  -0.207478916403384|[0.19632975458447...|
|    0|-0.01565922826007...|[-1.0770045402954...|
|    0|-0.04949523569236196|[-0.1937607564751...|
|    1|  0.8666364558429207|[-0.0963087474211...|
|    1|    1.06375202866222|[-2.1406601507655...|
|    0| 0.04000364331109742|[3.15422218320590...|
|    0|-0.27913140208800835|[0.60846259441236...|
|    0|0.005455875787123001|[1.11471392286250...|
|    0|-0.02208651890412225|[0.75327330192646...|
|    0| 0.19810421308033893|[1.22250390598665...|
+-----+--------------------+--------------------+
only showing top 10 rows

RandomForestAUC: 0.9553682490600469
GBTRegressionAUC: 0.9651959836958387